<?xml version="1.0" encoding="UTF-8"?>
<testsuite xmlns:xsi="http://www.w3.org/2001/XMLSchema-instance" xsi:noNamespaceSchemaLocation="https://maven.apache.org/surefire/maven-surefire-plugin/xsd/surefire-test-report-3.0.xsd" version="3.0" name="TestSuite" time="1,399.718" tests="15" errors="0" skipped="0" failures="7">
  <properties>
[...]
</properties>
  <testcase name="runScenario[&quot;To verify the user is able to Provide quantity&quot;, &quot;Optional[Buy Product Functionality]&quot;](1)" classname="TestRunner.MyRunner" time="55.282">
    <failure message="element click intercepted: Element &lt;input class=&quot;qtyInput&quot; type=&quot;text&quot; aria-describedby=&quot;w1-15-_errMsg&quot; autocomplete=&quot;off&quot; size=&quot;4&quot; value=&quot;1&quot; name=&quot;quantity&quot; id=&quot;qtyTextBox&quot; isvalid=&quot;true&quot;&gt; is not clickable at point (439, 260). Other element would receive the click: &lt;u class=&quot;r-list-fc&quot; style=&quot;width:90%;&quot;&gt;&lt;/u&gt;&#10;  (Session info: chrome=94.0.4606.81)&#10;Build info: version: &apos;3.141.59&apos;, revision: &apos;e82be7d358&apos;, time: &apos;2018-11-14T08:17:03&apos;&#10;System info: host: &apos;DESKTOP-L54MKTK&apos;, ip: &apos;192.168.1.11&apos;, os.name: &apos;Windows 10&apos;, os.arch: &apos;amd64&apos;, os.version: &apos;10.0&apos;, java.version: &apos;11.0.9&apos;&#10;Driver info: org.openqa.selenium.chrome.ChromeDriver&#10;Capabilities {acceptInsecureCerts: false, browserName: chrome, browserVersion: 94.0.4606.81, chrome: {chromedriverVersion: 94.0.4606.61 (418b78f5838ed..., userDataDir: C:\Users\HP\AppData\Local\T...}, goog:chromeOptions: {debuggerAddress: localhost:60906}, javascriptEnabled: true, networkConnectionEnabled: false, pageLoadStrategy: normal, platform: WINDOWS, platformName: WINDOWS, proxy: Proxy(), setWindowRect: true, strictFileInteractability: false, timeouts: {implicit: 0, pageLoad: 300000, script: 30000}, unhandledPromptBehavior: dismiss and notify, webauthn:extension:credBlob: true, webauthn:extension:largeBlob: true, webauthn:virtualAuthenticators: true}&#10;Session ID: 484eac5baa09e04d8dd996a9615a1059" type="org.openqa.selenium.ElementClickInterceptedException"><![CDATA[org.openqa.selenium.ElementClickInterceptedException: 
element click intercepted: Element <input class="qtyInput" type="text" aria-describedby="w1-15-_errMsg" autocomplete="off" size="4" value="1" name="quantity" id="qtyTextBox" isvalid="true"> is not clickable at point (439, 260). Other element would receive the click: <u class="r-list-fc" style="width:90%;"></u>
  (Session info: chrome=94.0.4606.81)
Build info: version: '3.141.59', revision: 'e82be7d358', time: '2018-11-14T08:17:03'
System info: host: 'DESKTOP-L54MKTK', ip: '192.168.1.11', os.name: 'Windows 10', os.arch: 'amd64', os.version: '10.0', java.version: '11.0.9'
Driver info: org.openqa.selenium.chrome.ChromeDriver
Capabilities {acceptInsecureCerts: false, browserName: chrome, browserVersion: 94.0.4606.81, chrome: {chromedriverVersion: 94.0.4606.61 (418b78f5838ed..., userDataDir: C:\Users\HP\AppData\Local\T...}, goog:chromeOptions: {debuggerAddress: localhost:60906}, javascriptEnabled: true, networkConnectionEnabled: false, pageLoadStrategy: normal, platform: WINDOWS, platformName: WINDOWS, proxy: Proxy(), setWindowRect: true, strictFileInteractability: false, timeouts: {implicit: 0, pageLoad: 300000, script: 30000}, unhandledPromptBehavior: dismiss and notify, webauthn:extension:credBlob: true, webauthn:extension:largeBlob: true, webauthn:virtualAuthenticators: true}
Session ID: 484eac5baa09e04d8dd996a9615a1059
]]></failure>
    <system-out><![CDATA[
Scenario: To verify the user is able to Provide quantity &amp#27;[90m# src/test/java/Features/Buy.feature:4&amp#27;[0m
  &amp#27;[32mGiven &amp#27;[0m&amp#27;[32mUser is in the particular product page&amp#27;[0m           &amp#27;[90m# StepDefinition.Buy_StepDef.user_is_in_the_particular_product_page()&amp#27;[0m
  &amp#27;[31mWhen &amp#27;[0m&amp#27;[31mUser Click on the Quantity field&amp#27;[0m                  &amp#27;[90m# StepDefinition.Buy_StepDef.user_click_on_the_quantity_field()&amp#27;[0m
      &amp#27;[31morg.openqa.selenium.ElementClickInterceptedException: element click intercepted: Element <input class="qtyInput" type="text" aria-describedby="w1-15-_errMsg" autocomplete="off" size="4" value="1" name="quantity" id="qtyTextBox" isvalid="true"> is not clickable at point (439, 260). Other element would receive the click: <u class="r-list-fc" style="width:90%;"></u>
  (Session info: chrome=94.0.4606.81)
Build info: version: '3.141.59', revision: 'e82be7d358', time: '2018-11-14T08:17:03'
System info: host: 'DESKTOP-L54MKTK', ip: '192.168.1.11', os.name: 'Windows 10', os.arch: 'amd64', os.version: '10.0', java.version: '11.0.9'
Driver info: org.openqa.selenium.chrome.ChromeDriver
Capabilities {acceptInsecureCerts: false, browserName: chrome, browserVersion: 94.0.4606.81, chrome: {chromedriverVersion: 94.0.4606.61 (418b78f5838ed..., userDataDir: C:\Users\HP\AppData\Local\T...}, goog:chromeOptions: {debuggerAddress: localhost:60906}, javascriptEnabled: true, networkConnectionEnabled: false, pageLoadStrategy: normal, platform: WINDOWS, platformName: WINDOWS, proxy: Proxy(), setWindowRect: true, strictFileInteractability: false, timeouts: {implicit: 0, pageLoad: 300000, script: 30000}, unhandledPromptBehavior: dismiss and notify, webauthn:extension:credBlob: true, webauthn:extension:largeBlob: true, webauthn:virtualAuthenticators: true}
Session ID: 484eac5baa09e04d8dd996a9615a1059
	at java.base/jdk.internal.reflect.NativeConstructorAccessorImpl.newInstance0(Native Method)
	at java.base/jdk.internal.reflect.NativeConstructorAccessorImpl.newInstance(NativeConstructorAccessorImpl.java:62)
	at java.base/jdk.internal.reflect.DelegatingConstructorAccessorImpl.newInstance(DelegatingConstructorAccessorImpl.java:45)
	at java.base/java.lang.reflect.Constructor.newInstance(Constructor.java:490)
	at org.openqa.selenium.remote.http.W3CHttpResponseCodec.createException(W3CHttpResponseCodec.java:187)
	at org.openqa.selenium.remote.http.W3CHttpResponseCodec.decode(W3CHttpResponseCodec.java:122)
	at org.openqa.selenium.remote.http.W3CHttpResponseCodec.decode(W3CHttpResponseCodec.java:49)
	at org.openqa.selenium.remote.HttpCommandExecutor.execute(HttpCommandExecutor.java:158)
	at org.openqa.selenium.remote.service.DriverCommandExecutor.execute(DriverCommandExecutor.java:83)
	at org.openqa.selenium.remote.RemoteWebDriver.execute(RemoteWebDriver.java:552)
	at org.openqa.selenium.remote.RemoteWebElement.execute(RemoteWebElement.java:285)
	at org.openqa.selenium.remote.RemoteWebElement.click(RemoteWebElement.java:84)
	at java.base/jdk.internal.reflect.NativeMethodAccessorImpl.invoke0(Native Method)
	at java.base/jdk.internal.reflect.NativeMethodAccessorImpl.invoke(NativeMethodAccessorImpl.java:62)
	at java.base/jdk.internal.reflect.DelegatingMethodAccessorImpl.invoke(DelegatingMethodAccessorImpl.java:43)
	at java.base/java.lang.reflect.Method.invoke(Method.java:566)
	at org.openqa.selenium.support.pagefactory.internal.LocatingElementHandler.invoke(LocatingElementHandler.java:51)
	at com.sun.proxy.$Proxy18.click(Unknown Source)
	at com.pages.BuyProductPage.clickquantity(BuyProductPage.java:84)
	at StepDefinition.Buy_StepDef.user_click_on_the_quantity_field(Buy_StepDef.java:33)
	at âœ½.User Click on the Quantity field(file:///E:/capg%20training/eclipse/Sprint-02/./src/test/java/Features/Buy.feature:6)
&amp#27;[0m
  &amp#27;[36mAnd &amp#27;[0m&amp#27;[36mUser Enter the valid number of quantity&amp#27;[0m            &amp#27;[90m# StepDefinition.Buy_StepDef.user_enter_the_valid_number_of_quantity()&amp#27;[0m
  &amp#27;[36mThen &amp#27;[0m&amp#27;[36mNumber of quantity appeared&amp#27;[0m                       &amp#27;[90m# StepDefinition.Buy_StepDef.number_of_quantity_appeared()&amp#27;[0m
]]></system-out>
    <system-err><![CDATA[SLF4J: Failed to load class "org.slf4j.impl.StaticLoggerBinder".
SLF4J: Defaulting to no-operation (NOP) logger implementation
SLF4J: See http://www.slf4j.org/codes.html#StaticLoggerBinder for further details.
Starting ChromeDriver 94.0.4606.61 (418b78f5838ed0b1c69bb4e51ea0252171854915-refs/branch-heads/4606@{#1204}) on port 16311
Only local connections are allowed.
Please see https://chromedriver.chromium.org/security-considerations for suggestions on keeping ChromeDriver safe.
ChromeDriver was started successfully.
Oct 13, 2021 10:42:28 AM org.openqa.selenium.remote.ProtocolHandshake createSession
INFO: Detected dialect: W3C
]]></system-err>
  </testcase>
  <testcase name="runScenario[&quot;To verify the user is able to add items in to Add cart&quot;, &quot;Optional[Buy Product Functionality]&quot;](2)" classname="TestRunner.MyRunner" time="112.651">
    <system-out><![CDATA[
Scenario: To verify the user is able to add items in to Add cart &amp#27;[90m# src/test/java/Features/Buy.feature:12&amp#27;[0m
  &amp#27;[32mGiven &amp#27;[0m&amp#27;[32mUser is in the particular product page&amp#27;[0m                   &amp#27;[90m# StepDefinition.Buy_StepDef.user_is_in_the_particular_product_page()&amp#27;[0m
  &amp#27;[32mWhen &amp#27;[0m&amp#27;[32mUser Click on the Quantity field&amp#27;[0m                          &amp#27;[90m# StepDefinition.Buy_StepDef.user_click_on_the_quantity_field()&amp#27;[0m
  &amp#27;[32mAnd &amp#27;[0m&amp#27;[32mUser Enter the valid number of quantity&amp#27;[0m                    &amp#27;[90m# StepDefinition.Buy_StepDef.user_enter_the_valid_number_of_quantity()&amp#27;[0m
  &amp#27;[32mAnd &amp#27;[0m&amp#27;[32mUser click on the Add to Cart button&amp#27;[0m                       &amp#27;[90m# StepDefinition.Buy_StepDef.user_click_on_the_add_to_cart_button()&amp#27;[0m
  &amp#27;[32mThen &amp#27;[0m&amp#27;[32mThe page navigated to the Shopping cart page&amp#27;[0m              &amp#27;[90m# StepDefinition.Buy_StepDef.the_page_navigated_to_the_shopping_cart_page()&amp#27;[0m
]]></system-out>
    <system-err><![CDATA[Starting ChromeDriver 94.0.4606.61 (418b78f5838ed0b1c69bb4e51ea0252171854915-refs/branch-heads/4606@{#1204}) on port 31474
Only local connections are allowed.
Please see https://chromedriver.chromium.org/security-considerations for suggestions on keeping ChromeDriver safe.
ChromeDriver was started successfully.
Oct 13, 2021 10:43:55 AM org.openqa.selenium.remote.ProtocolHandshake createSession
INFO: Detected dialect: W3C
]]></system-err>
  </testcase>
  <testcase name="runScenario[&quot;To verify the user is able to buy the particular Product&quot;, &quot;Optional[Buy Product Functionality]&quot;](3)" classname="TestRunner.MyRunner" time="75.161">
    <failure message="expected:&lt;Security Measure&gt; but was:&lt;Checkout | eBay&gt;" type="java.lang.AssertionError"><![CDATA[java.lang.AssertionError: expected:<Security Measure> but was:<Checkout | eBay>
]]></failure>
    <system-out><![CDATA[
Scenario: To verify the user is able to buy the particular Product &amp#27;[90m# src/test/java/Features/Buy.feature:20&amp#27;[0m
  &amp#27;[32mGiven &amp#27;[0m&amp#27;[32mUser is in the particular product page&amp#27;[0m                     &amp#27;[90m# StepDefinition.Buy_StepDef.user_is_in_the_particular_product_page()&amp#27;[0m
  &amp#27;[32mWhen &amp#27;[0m&amp#27;[32mUser Click on the Quantity field&amp#27;[0m                            &amp#27;[90m# StepDefinition.Buy_StepDef.user_click_on_the_quantity_field()&amp#27;[0m
  &amp#27;[32mAnd &amp#27;[0m&amp#27;[32mUser Enter the valid number of quantity&amp#27;[0m                      &amp#27;[90m# StepDefinition.Buy_StepDef.user_enter_the_valid_number_of_quantity()&amp#27;[0m
  &amp#27;[32mAnd &amp#27;[0m&amp#27;[32mUser Click on the Buy It Now Button&amp#27;[0m                          &amp#27;[90m# StepDefinition.Buy_StepDef.user_click_on_the_buy_it_now_button()&amp#27;[0m
  &amp#27;[31mThen &amp#27;[0m&amp#27;[31mThe page navigated to the Checkout page&amp#27;[0m                     &amp#27;[90m# StepDefinition.Buy_StepDef.the_page_navigated_to_the_checkout_page()&amp#27;[0m
      &amp#27;[31mjava.lang.AssertionError: expected:<Security Measure> but was:<Checkout | eBay>
	at org.testng.AssertJUnit.assertEquals(AssertJUnit.java:115)
	at org.testng.AssertJUnit.assertEquals(AssertJUnit.java:125)
	at com.pages.BuyProductPage.bntitle(BuyProductPage.java:123)
	at StepDefinition.Buy_StepDef.the_page_navigated_to_the_checkout_page(Buy_StepDef.java:66)
	at âœ½.The page navigated to the Checkout page(file:///E:/capg%20training/eclipse/Sprint-02/./src/test/java/Features/Buy.feature:25)
&amp#27;[0m
]]></system-out>
    <system-err><![CDATA[Starting ChromeDriver 94.0.4606.61 (418b78f5838ed0b1c69bb4e51ea0252171854915-refs/branch-heads/4606@{#1204}) on port 9138
Only local connections are allowed.
Please see https://chromedriver.chromium.org/security-considerations for suggestions on keeping ChromeDriver safe.
ChromeDriver was started successfully.
Oct 13, 2021 10:45:15 AM org.openqa.selenium.remote.ProtocolHandshake createSession
INFO: Detected dialect: W3C
]]></system-err>
  </testcase>
  <testcase name="runScenario[&quot;To verify the user is able to provide shipping address&quot;, &quot;Optional[Buy Product Functionality]&quot;](4)" classname="TestRunner.MyRunner" time="133.925">
    <failure message="no such element: Unable to locate element: {&quot;method&quot;:&quot;xpath&quot;,&quot;selector&quot;:&quot;//select[contains(@id,&apos;country&apos;)]&quot;}&#10;  (Session info: chrome=94.0.4606.81)&#10;For documentation on this error, please visit: https://www.seleniumhq.org/exceptions/no_such_element.html&#10;Build info: version: &apos;3.141.59&apos;, revision: &apos;e82be7d358&apos;, time: &apos;2018-11-14T08:17:03&apos;&#10;System info: host: &apos;DESKTOP-L54MKTK&apos;, ip: &apos;192.168.1.11&apos;, os.name: &apos;Windows 10&apos;, os.arch: &apos;amd64&apos;, os.version: &apos;10.0&apos;, java.version: &apos;11.0.9&apos;&#10;Driver info: org.openqa.selenium.chrome.ChromeDriver&#10;Capabilities {acceptInsecureCerts: false, browserName: chrome, browserVersion: 94.0.4606.81, chrome: {chromedriverVersion: 94.0.4606.61 (418b78f5838ed..., userDataDir: C:\Users\HP\AppData\Local\T...}, goog:chromeOptions: {debuggerAddress: localhost:51221}, javascriptEnabled: true, networkConnectionEnabled: false, pageLoadStrategy: normal, platform: WINDOWS, platformName: WINDOWS, proxy: Proxy(), setWindowRect: true, strictFileInteractability: false, timeouts: {implicit: 0, pageLoad: 300000, script: 30000}, unhandledPromptBehavior: dismiss and notify, webauthn:extension:credBlob: true, webauthn:extension:largeBlob: true, webauthn:virtualAuthenticators: true}&#10;Session ID: 89e69e63b1643906ada46276ec9d56ff&#10;*** Element info: {Using=xpath, value=//select[contains(@id,&apos;country&apos;)]}" type="org.openqa.selenium.NoSuchElementException"><![CDATA[org.openqa.selenium.NoSuchElementException: 
no such element: Unable to locate element: {"method":"xpath","selector":"//select[contains(@id,'country')]"}
  (Session info: chrome=94.0.4606.81)
For documentation on this error, please visit: https://www.seleniumhq.org/exceptions/no_such_element.html
Build info: version: '3.141.59', revision: 'e82be7d358', time: '2018-11-14T08:17:03'
System info: host: 'DESKTOP-L54MKTK', ip: '192.168.1.11', os.name: 'Windows 10', os.arch: 'amd64', os.version: '10.0', java.version: '11.0.9'
Driver info: org.openqa.selenium.chrome.ChromeDriver
Capabilities {acceptInsecureCerts: false, browserName: chrome, browserVersion: 94.0.4606.81, chrome: {chromedriverVersion: 94.0.4606.61 (418b78f5838ed..., userDataDir: C:\Users\HP\AppData\Local\T...}, goog:chromeOptions: {debuggerAddress: localhost:51221}, javascriptEnabled: true, networkConnectionEnabled: false, pageLoadStrategy: normal, platform: WINDOWS, platformName: WINDOWS, proxy: Proxy(), setWindowRect: true, strictFileInteractability: false, timeouts: {implicit: 0, pageLoad: 300000, script: 30000}, unhandledPromptBehavior: dismiss and notify, webauthn:extension:credBlob: true, webauthn:extension:largeBlob: true, webauthn:virtualAuthenticators: true}
Session ID: 89e69e63b1643906ada46276ec9d56ff
*** Element info: {Using=xpath, value=//select[contains(@id,'country')]}
]]></failure>
    <system-out><![CDATA[
Scenario: To verify the user is able to provide shipping address &amp#27;[90m# src/test/java/Features/Buy.feature:28&amp#27;[0m
  &amp#27;[32mGiven &amp#27;[0m&amp#27;[32mUser is in the check out page&amp#27;[0m                            &amp#27;[90m# StepDefinition.Buy_StepDef.user_is_in_the_check_out_page()&amp#27;[0m
  &amp#27;[31mWhen &amp#27;[0m&amp#27;[31mUser enters the details&amp#27;[0m                                   &amp#27;[90m# StepDefinition.Buy_StepDef.user_enters_the_details()&amp#27;[0m
      &amp#27;[31morg.openqa.selenium.NoSuchElementException: no such element: Unable to locate element: {"method":"xpath","selector":"//select[contains(@id,'country')]"}
  (Session info: chrome=94.0.4606.81)
For documentation on this error, please visit: https://www.seleniumhq.org/exceptions/no_such_element.html
Build info: version: '3.141.59', revision: 'e82be7d358', time: '2018-11-14T08:17:03'
System info: host: 'DESKTOP-L54MKTK', ip: '192.168.1.11', os.name: 'Windows 10', os.arch: 'amd64', os.version: '10.0', java.version: '11.0.9'
Driver info: org.openqa.selenium.chrome.ChromeDriver
Capabilities {acceptInsecureCerts: false, browserName: chrome, browserVersion: 94.0.4606.81, chrome: {chromedriverVersion: 94.0.4606.61 (418b78f5838ed..., userDataDir: C:\Users\HP\AppData\Local\T...}, goog:chromeOptions: {debuggerAddress: localhost:51221}, javascriptEnabled: true, networkConnectionEnabled: false, pageLoadStrategy: normal, platform: WINDOWS, platformName: WINDOWS, proxy: Proxy(), setWindowRect: true, strictFileInteractability: false, timeouts: {implicit: 0, pageLoad: 300000, script: 30000}, unhandledPromptBehavior: dismiss and notify, webauthn:extension:credBlob: true, webauthn:extension:largeBlob: true, webauthn:virtualAuthenticators: true}
Session ID: 89e69e63b1643906ada46276ec9d56ff
*** Element info: {Using=xpath, value=//select[contains(@id,'country')]}
	at java.base/jdk.internal.reflect.NativeConstructorAccessorImpl.newInstance0(Native Method)
	at java.base/jdk.internal.reflect.NativeConstructorAccessorImpl.newInstance(NativeConstructorAccessorImpl.java:62)
	at java.base/jdk.internal.reflect.DelegatingConstructorAccessorImpl.newInstance(DelegatingConstructorAccessorImpl.java:45)
	at java.base/java.lang.reflect.Constructor.newInstance(Constructor.java:490)
	at org.openqa.selenium.remote.http.W3CHttpResponseCodec.createException(W3CHttpResponseCodec.java:187)
	at org.openqa.selenium.remote.http.W3CHttpResponseCodec.decode(W3CHttpResponseCodec.java:122)
	at org.openqa.selenium.remote.http.W3CHttpResponseCodec.decode(W3CHttpResponseCodec.java:49)
	at org.openqa.selenium.remote.HttpCommandExecutor.execute(HttpCommandExecutor.java:158)
	at org.openqa.selenium.remote.service.DriverCommandExecutor.execute(DriverCommandExecutor.java:83)
	at org.openqa.selenium.remote.RemoteWebDriver.execute(RemoteWebDriver.java:552)
	at org.openqa.selenium.remote.RemoteWebDriver.findElement(RemoteWebDriver.java:323)
	at org.openqa.selenium.remote.RemoteWebDriver.findElementByXPath(RemoteWebDriver.java:428)
	at org.openqa.selenium.By$ByXPath.findElement(By.java:353)
	at org.openqa.selenium.remote.RemoteWebDriver.findElement(RemoteWebDriver.java:315)
	at org.openqa.selenium.support.pagefactory.DefaultElementLocator.findElement(DefaultElementLocator.java:69)
	at org.openqa.selenium.support.pagefactory.internal.LocatingElementHandler.invoke(LocatingElementHandler.java:38)
	at com.sun.proxy.$Proxy18.click(Unknown Source)
	at com.pages.BuyProductPage.uDetails(BuyProductPage.java:149)
	at StepDefinition.Buy_StepDef.user_enters_the_details(Buy_StepDef.java:84)
	at âœ½.User enters the details(file:///E:/capg%20training/eclipse/Sprint-02/./src/test/java/Features/Buy.feature:30)
&amp#27;[0m
  &amp#27;[36mThen &amp#27;[0m&amp#27;[36mUser reaches the Checkout page with the product details&amp#27;[0m   &amp#27;[90m# StepDefinition.Buy_StepDef.user_reaches_the_checkout_page_with_the_product_details()&amp#27;[0m
]]></system-out>
    <system-err><![CDATA[Starting ChromeDriver 94.0.4606.61 (418b78f5838ed0b1c69bb4e51ea0252171854915-refs/branch-heads/4606@{#1204}) on port 18652
Only local connections are allowed.
Please see https://chromedriver.chromium.org/security-considerations for suggestions on keeping ChromeDriver safe.
ChromeDriver was started successfully.
Oct 13, 2021 10:46:40 AM org.openqa.selenium.remote.ProtocolHandshake createSession
INFO: Detected dialect: W3C
]]></system-err>
  </testcase>
  <testcase name="runScenario[&quot;To verify user is able to Register For Personal account&quot;, &quot;Optional[Register Functionality]&quot;](5)" classname="TestRunner.MyRunner" time="62.482">
    <failure message="no such element: Unable to locate element: {&quot;method&quot;:&quot;css selector&quot;,&quot;selector&quot;:&quot;#firstname&quot;}&#10;  (Session info: chrome=94.0.4606.81)&#10;For documentation on this error, please visit: https://www.seleniumhq.org/exceptions/no_such_element.html&#10;Build info: version: &apos;3.141.59&apos;, revision: &apos;e82be7d358&apos;, time: &apos;2018-11-14T08:17:03&apos;&#10;System info: host: &apos;DESKTOP-L54MKTK&apos;, ip: &apos;192.168.1.11&apos;, os.name: &apos;Windows 10&apos;, os.arch: &apos;amd64&apos;, os.version: &apos;10.0&apos;, java.version: &apos;11.0.9&apos;&#10;Driver info: org.openqa.selenium.chrome.ChromeDriver&#10;Capabilities {acceptInsecureCerts: false, browserName: chrome, browserVersion: 94.0.4606.81, chrome: {chromedriverVersion: 94.0.4606.61 (418b78f5838ed..., userDataDir: C:\Users\HP\AppData\Local\T...}, goog:chromeOptions: {debuggerAddress: localhost:61607}, javascriptEnabled: true, networkConnectionEnabled: false, pageLoadStrategy: normal, platform: WINDOWS, platformName: WINDOWS, proxy: Proxy(), setWindowRect: true, strictFileInteractability: false, timeouts: {implicit: 0, pageLoad: 300000, script: 30000}, unhandledPromptBehavior: dismiss and notify, webauthn:extension:credBlob: true, webauthn:extension:largeBlob: true, webauthn:virtualAuthenticators: true}&#10;Session ID: c2767ab84d9e024ef98154d2a2be8f0a&#10;*** Element info: {Using=id, value=firstname}" type="org.openqa.selenium.NoSuchElementException"><![CDATA[org.openqa.selenium.NoSuchElementException: 
no such element: Unable to locate element: {"method":"css selector","selector":"#firstname"}
  (Session info: chrome=94.0.4606.81)
For documentation on this error, please visit: https://www.seleniumhq.org/exceptions/no_such_element.html
Build info: version: '3.141.59', revision: 'e82be7d358', time: '2018-11-14T08:17:03'
System info: host: 'DESKTOP-L54MKTK', ip: '192.168.1.11', os.name: 'Windows 10', os.arch: 'amd64', os.version: '10.0', java.version: '11.0.9'
Driver info: org.openqa.selenium.chrome.ChromeDriver
Capabilities {acceptInsecureCerts: false, browserName: chrome, browserVersion: 94.0.4606.81, chrome: {chromedriverVersion: 94.0.4606.61 (418b78f5838ed..., userDataDir: C:\Users\HP\AppData\Local\T...}, goog:chromeOptions: {debuggerAddress: localhost:61607}, javascriptEnabled: true, networkConnectionEnabled: false, pageLoadStrategy: normal, platform: WINDOWS, platformName: WINDOWS, proxy: Proxy(), setWindowRect: true, strictFileInteractability: false, timeouts: {implicit: 0, pageLoad: 300000, script: 30000}, unhandledPromptBehavior: dismiss and notify, webauthn:extension:credBlob: true, webauthn:extension:largeBlob: true, webauthn:virtualAuthenticators: true}
Session ID: c2767ab84d9e024ef98154d2a2be8f0a
*** Element info: {Using=id, value=firstname}
]]></failure>
    <system-out><![CDATA[
Scenario Outline: To verify user is able to Register For Personal account                                       &amp#27;[90m# src/test/java/Features/Register.feature:10&amp#27;[0m
  &amp#27;[32mGiven &amp#27;[0m&amp#27;[32mUser is in the home page&amp#27;[0m                                                                                &amp#27;[90m# StepDefinition.Register_StepDef.user_is_in_the_home_page()&amp#27;[0m
  &amp#27;[32mWhen &amp#27;[0m&amp#27;[32mUser clicks on the register&amp#27;[0m                                                                              &amp#27;[90m# StepDefinition.Register_StepDef.user_clicks_on_the_register()&amp#27;[0m
  &amp#27;[31mAnd &amp#27;[0m&amp#27;[31mUser enter the account details &amp#27;[0m&amp#27;[31m&amp#27;[1mjackeeess&amp#27;[0m&amp#27;[31m and &amp#27;[0m&amp#27;[31m&amp#27;[1mdanieel44&amp#27;[0m&amp#27;[31m and &amp#27;[0m&amp#27;[31m&amp#27;[1mjackdassgganierl433@gmail.com&amp#27;[0m&amp#27;[31m and &amp#27;[0m&amp#27;[31m&amp#27;[1mjac77@k#4566&amp#27;[0m &amp#27;[90m# StepDefinition.Register_StepDef.user_enter_the_account_details_and_and_and(java.lang.String,java.lang.String,java.lang.String,java.lang.String)&amp#27;[0m
      &amp#27;[31morg.openqa.selenium.NoSuchElementException: no such element: Unable to locate element: {"method":"css selector","selector":"#firstname"}
  (Session info: chrome=94.0.4606.81)
For documentation on this error, please visit: https://www.seleniumhq.org/exceptions/no_such_element.html
Build info: version: '3.141.59', revision: 'e82be7d358', time: '2018-11-14T08:17:03'
System info: host: 'DESKTOP-L54MKTK', ip: '192.168.1.11', os.name: 'Windows 10', os.arch: 'amd64', os.version: '10.0', java.version: '11.0.9'
Driver info: org.openqa.selenium.chrome.ChromeDriver
Capabilities {acceptInsecureCerts: false, browserName: chrome, browserVersion: 94.0.4606.81, chrome: {chromedriverVersion: 94.0.4606.61 (418b78f5838ed..., userDataDir: C:\Users\HP\AppData\Local\T...}, goog:chromeOptions: {debuggerAddress: localhost:61607}, javascriptEnabled: true, networkConnectionEnabled: false, pageLoadStrategy: normal, platform: WINDOWS, platformName: WINDOWS, proxy: Proxy(), setWindowRect: true, strictFileInteractability: false, timeouts: {implicit: 0, pageLoad: 300000, script: 30000}, unhandledPromptBehavior: dismiss and notify, webauthn:extension:credBlob: true, webauthn:extension:largeBlob: true, webauthn:virtualAuthenticators: true}
Session ID: c2767ab84d9e024ef98154d2a2be8f0a
*** Element info: {Using=id, value=firstname}
	at java.base/jdk.internal.reflect.NativeConstructorAccessorImpl.newInstance0(Native Method)
	at java.base/jdk.internal.reflect.NativeConstructorAccessorImpl.newInstance(NativeConstructorAccessorImpl.java:62)
	at java.base/jdk.internal.reflect.DelegatingConstructorAccessorImpl.newInstance(DelegatingConstructorAccessorImpl.java:45)
	at java.base/java.lang.reflect.Constructor.newInstance(Constructor.java:490)
	at org.openqa.selenium.remote.http.W3CHttpResponseCodec.createException(W3CHttpResponseCodec.java:187)
	at org.openqa.selenium.remote.http.W3CHttpResponseCodec.decode(W3CHttpResponseCodec.java:122)
	at org.openqa.selenium.remote.http.W3CHttpResponseCodec.decode(W3CHttpResponseCodec.java:49)
	at org.openqa.selenium.remote.HttpCommandExecutor.execute(HttpCommandExecutor.java:158)
	at org.openqa.selenium.remote.service.DriverCommandExecutor.execute(DriverCommandExecutor.java:83)
	at org.openqa.selenium.remote.RemoteWebDriver.execute(RemoteWebDriver.java:552)
	at org.openqa.selenium.remote.RemoteWebDriver.findElement(RemoteWebDriver.java:323)
	at org.openqa.selenium.remote.RemoteWebDriver.findElementById(RemoteWebDriver.java:372)
	at org.openqa.selenium.By$ById.findElement(By.java:188)
	at org.openqa.selenium.remote.RemoteWebDriver.findElement(RemoteWebDriver.java:315)
	at org.openqa.selenium.support.pagefactory.DefaultElementLocator.findElement(DefaultElementLocator.java:69)
	at org.openqa.selenium.support.pagefactory.internal.LocatingElementHandler.invoke(LocatingElementHandler.java:38)
	at com.sun.proxy.$Proxy18.sendKeys(Unknown Source)
	at com.pages.Register.Paccount(Register.java:69)
	at StepDefinition.Register_StepDef.user_enter_the_account_details_and_and_and(Register_StepDef.java:30)
	at âœ½.User enter the account details jackeeess and danieel44 and jackdassgganierl433@gmail.com and jac77@k#4566(file:///E:/capg%20training/eclipse/Sprint-02/./src/test/java/Features/Register.feature:5)
&amp#27;[0m
  &amp#27;[36mAnd &amp#27;[0m&amp#27;[36mUser clicks on the Register button&amp#27;[0m                                                                        &amp#27;[90m# StepDefinition.Register_StepDef.user_clicks_on_the_register_button()&amp#27;[0m
  &amp#27;[36mThen &amp#27;[0m&amp#27;[36mAccount is Registered&amp#27;[0m                                                                                    &amp#27;[90m# StepDefinition.Register_StepDef.account_is_registered()&amp#27;[0m
]]></system-out>
    <system-err><![CDATA[Starting ChromeDriver 94.0.4606.61 (418b78f5838ed0b1c69bb4e51ea0252171854915-refs/branch-heads/4606@{#1204}) on port 4332
Only local connections are allowed.
Please see https://chromedriver.chromium.org/security-considerations for suggestions on keeping ChromeDriver safe.
ChromeDriver was started successfully.
Oct 13, 2021 10:48:50 AM org.openqa.selenium.remote.ProtocolHandshake createSession
INFO: Detected dialect: W3C
]]></system-err>
  </testcase>
  <testcase name="runScenario[&quot;To verify user is able to Register For Personal account&quot;, &quot;Optional[Register Functionality]&quot;](6)" classname="TestRunner.MyRunner" time="61.069">
    <failure message="no such element: Unable to locate element: {&quot;method&quot;:&quot;css selector&quot;,&quot;selector&quot;:&quot;#firstname&quot;}&#10;  (Session info: chrome=94.0.4606.81)&#10;For documentation on this error, please visit: https://www.seleniumhq.org/exceptions/no_such_element.html&#10;Build info: version: &apos;3.141.59&apos;, revision: &apos;e82be7d358&apos;, time: &apos;2018-11-14T08:17:03&apos;&#10;System info: host: &apos;DESKTOP-L54MKTK&apos;, ip: &apos;192.168.1.11&apos;, os.name: &apos;Windows 10&apos;, os.arch: &apos;amd64&apos;, os.version: &apos;10.0&apos;, java.version: &apos;11.0.9&apos;&#10;Driver info: org.openqa.selenium.chrome.ChromeDriver&#10;Capabilities {acceptInsecureCerts: false, browserName: chrome, browserVersion: 94.0.4606.81, chrome: {chromedriverVersion: 94.0.4606.61 (418b78f5838ed..., userDataDir: C:\Users\HP\AppData\Local\T...}, goog:chromeOptions: {debuggerAddress: localhost:54222}, javascriptEnabled: true, networkConnectionEnabled: false, pageLoadStrategy: normal, platform: WINDOWS, platformName: WINDOWS, proxy: Proxy(), setWindowRect: true, strictFileInteractability: false, timeouts: {implicit: 0, pageLoad: 300000, script: 30000}, unhandledPromptBehavior: dismiss and notify, webauthn:extension:credBlob: true, webauthn:extension:largeBlob: true, webauthn:virtualAuthenticators: true}&#10;Session ID: 911cfe8e4c3e06e8291ec0228719155f&#10;*** Element info: {Using=id, value=firstname}" type="org.openqa.selenium.NoSuchElementException"><![CDATA[org.openqa.selenium.NoSuchElementException: 
no such element: Unable to locate element: {"method":"css selector","selector":"#firstname"}
  (Session info: chrome=94.0.4606.81)
For documentation on this error, please visit: https://www.seleniumhq.org/exceptions/no_such_element.html
Build info: version: '3.141.59', revision: 'e82be7d358', time: '2018-11-14T08:17:03'
System info: host: 'DESKTOP-L54MKTK', ip: '192.168.1.11', os.name: 'Windows 10', os.arch: 'amd64', os.version: '10.0', java.version: '11.0.9'
Driver info: org.openqa.selenium.chrome.ChromeDriver
Capabilities {acceptInsecureCerts: false, browserName: chrome, browserVersion: 94.0.4606.81, chrome: {chromedriverVersion: 94.0.4606.61 (418b78f5838ed..., userDataDir: C:\Users\HP\AppData\Local\T...}, goog:chromeOptions: {debuggerAddress: localhost:54222}, javascriptEnabled: true, networkConnectionEnabled: false, pageLoadStrategy: normal, platform: WINDOWS, platformName: WINDOWS, proxy: Proxy(), setWindowRect: true, strictFileInteractability: false, timeouts: {implicit: 0, pageLoad: 300000, script: 30000}, unhandledPromptBehavior: dismiss and notify, webauthn:extension:credBlob: true, webauthn:extension:largeBlob: true, webauthn:virtualAuthenticators: true}
Session ID: 911cfe8e4c3e06e8291ec0228719155f
*** Element info: {Using=id, value=firstname}
]]></failure>
    <system-out><![CDATA[
Scenario Outline: To verify user is able to Register For Personal account                           &amp#27;[90m# src/test/java/Features/Register.feature:11&amp#27;[0m
  &amp#27;[32mGiven &amp#27;[0m&amp#27;[32mUser is in the home page&amp#27;[0m                                                                    &amp#27;[90m# StepDefinition.Register_StepDef.user_is_in_the_home_page()&amp#27;[0m
  &amp#27;[32mWhen &amp#27;[0m&amp#27;[32mUser clicks on the register&amp#27;[0m                                                                  &amp#27;[90m# StepDefinition.Register_StepDef.user_clicks_on_the_register()&amp#27;[0m
  &amp#27;[31mAnd &amp#27;[0m&amp#27;[31mUser enter the account details &amp#27;[0m&amp#27;[31m&amp#27;[1mteej&amp#27;[0m&amp#27;[31m and &amp#27;[0m&amp#27;[31m&amp#27;[1mRavii&amp#27;[0m&amp#27;[31m and &amp#27;[0m&amp#27;[31m&amp#27;[1mtejasaaaarrar@gmail.com&amp#27;[0m&amp#27;[31m and &amp#27;[0m&amp#27;[31m&amp#27;[1mSKv@ign#446@344&amp#27;[0m &amp#27;[90m# StepDefinition.Register_StepDef.user_enter_the_account_details_and_and_and(java.lang.String,java.lang.String,java.lang.String,java.lang.String)&amp#27;[0m
      &amp#27;[31morg.openqa.selenium.NoSuchElementException: no such element: Unable to locate element: {"method":"css selector","selector":"#firstname"}
  (Session info: chrome=94.0.4606.81)
For documentation on this error, please visit: https://www.seleniumhq.org/exceptions/no_such_element.html
Build info: version: '3.141.59', revision: 'e82be7d358', time: '2018-11-14T08:17:03'
System info: host: 'DESKTOP-L54MKTK', ip: '192.168.1.11', os.name: 'Windows 10', os.arch: 'amd64', os.version: '10.0', java.version: '11.0.9'
Driver info: org.openqa.selenium.chrome.ChromeDriver
Capabilities {acceptInsecureCerts: false, browserName: chrome, browserVersion: 94.0.4606.81, chrome: {chromedriverVersion: 94.0.4606.61 (418b78f5838ed..., userDataDir: C:\Users\HP\AppData\Local\T...}, goog:chromeOptions: {debuggerAddress: localhost:54222}, javascriptEnabled: true, networkConnectionEnabled: false, pageLoadStrategy: normal, platform: WINDOWS, platformName: WINDOWS, proxy: Proxy(), setWindowRect: true, strictFileInteractability: false, timeouts: {implicit: 0, pageLoad: 300000, script: 30000}, unhandledPromptBehavior: dismiss and notify, webauthn:extension:credBlob: true, webauthn:extension:largeBlob: true, webauthn:virtualAuthenticators: true}
Session ID: 911cfe8e4c3e06e8291ec0228719155f
*** Element info: {Using=id, value=firstname}
	at java.base/jdk.internal.reflect.NativeConstructorAccessorImpl.newInstance0(Native Method)
	at java.base/jdk.internal.reflect.NativeConstructorAccessorImpl.newInstance(NativeConstructorAccessorImpl.java:62)
	at java.base/jdk.internal.reflect.DelegatingConstructorAccessorImpl.newInstance(DelegatingConstructorAccessorImpl.java:45)
	at java.base/java.lang.reflect.Constructor.newInstance(Constructor.java:490)
	at org.openqa.selenium.remote.http.W3CHttpResponseCodec.createException(W3CHttpResponseCodec.java:187)
	at org.openqa.selenium.remote.http.W3CHttpResponseCodec.decode(W3CHttpResponseCodec.java:122)
	at org.openqa.selenium.remote.http.W3CHttpResponseCodec.decode(W3CHttpResponseCodec.java:49)
	at org.openqa.selenium.remote.HttpCommandExecutor.execute(HttpCommandExecutor.java:158)
	at org.openqa.selenium.remote.service.DriverCommandExecutor.execute(DriverCommandExecutor.java:83)
	at org.openqa.selenium.remote.RemoteWebDriver.execute(RemoteWebDriver.java:552)
	at org.openqa.selenium.remote.RemoteWebDriver.findElement(RemoteWebDriver.java:323)
	at org.openqa.selenium.remote.RemoteWebDriver.findElementById(RemoteWebDriver.java:372)
	at org.openqa.selenium.By$ById.findElement(By.java:188)
	at org.openqa.selenium.remote.RemoteWebDriver.findElement(RemoteWebDriver.java:315)
	at org.openqa.selenium.support.pagefactory.DefaultElementLocator.findElement(DefaultElementLocator.java:69)
	at org.openqa.selenium.support.pagefactory.internal.LocatingElementHandler.invoke(LocatingElementHandler.java:38)
	at com.sun.proxy.$Proxy18.sendKeys(Unknown Source)
	at com.pages.Register.Paccount(Register.java:69)
	at StepDefinition.Register_StepDef.user_enter_the_account_details_and_and_and(Register_StepDef.java:30)
	at âœ½.User enter the account details teej and Ravii and tejasaaaarrar@gmail.com and SKv@ign#446@344(file:///E:/capg%20training/eclipse/Sprint-02/./src/test/java/Features/Register.feature:5)
&amp#27;[0m
  &amp#27;[36mAnd &amp#27;[0m&amp#27;[36mUser clicks on the Register button&amp#27;[0m                                                            &amp#27;[90m# StepDefinition.Register_StepDef.user_clicks_on_the_register_button()&amp#27;[0m
  &amp#27;[36mThen &amp#27;[0m&amp#27;[36mAccount is Registered&amp#27;[0m                                                                        &amp#27;[90m# StepDefinition.Register_StepDef.account_is_registered()&amp#27;[0m
]]></system-out>
    <system-err><![CDATA[Starting ChromeDriver 94.0.4606.61 (418b78f5838ed0b1c69bb4e51ea0252171854915-refs/branch-heads/4606@{#1204}) on port 11551
Only local connections are allowed.
Please see https://chromedriver.chromium.org/security-considerations for suggestions on keeping ChromeDriver safe.
ChromeDriver was started successfully.
Oct 13, 2021 10:49:52 AM org.openqa.selenium.remote.ProtocolHandshake createSession
INFO: Detected dialect: W3C
]]></system-err>
  </testcase>
  <testcase name="runScenario[&quot;To verify user is able to Register for Business account&quot;, &quot;Optional[Register Functionality]&quot;](7)" classname="TestRunner.MyRunner" time="168.034">
    <failure message="no such element: Unable to locate element: {&quot;method&quot;:&quot;xpath&quot;,&quot;selector&quot;:&quot;//*[@id=&quot;businessaccount-radio&quot;]&quot;}&#10;  (Session info: chrome=94.0.4606.81)&#10;For documentation on this error, please visit: https://www.seleniumhq.org/exceptions/no_such_element.html&#10;Build info: version: &apos;3.141.59&apos;, revision: &apos;e82be7d358&apos;, time: &apos;2018-11-14T08:17:03&apos;&#10;System info: host: &apos;DESKTOP-L54MKTK&apos;, ip: &apos;192.168.1.11&apos;, os.name: &apos;Windows 10&apos;, os.arch: &apos;amd64&apos;, os.version: &apos;10.0&apos;, java.version: &apos;11.0.9&apos;&#10;Driver info: org.openqa.selenium.chrome.ChromeDriver&#10;Capabilities {acceptInsecureCerts: false, browserName: chrome, browserVersion: 94.0.4606.81, chrome: {chromedriverVersion: 94.0.4606.61 (418b78f5838ed..., userDataDir: C:\Users\HP\AppData\Local\T...}, goog:chromeOptions: {debuggerAddress: localhost:55158}, javascriptEnabled: true, networkConnectionEnabled: false, pageLoadStrategy: normal, platform: WINDOWS, platformName: WINDOWS, proxy: Proxy(), setWindowRect: true, strictFileInteractability: false, timeouts: {implicit: 0, pageLoad: 300000, script: 30000}, unhandledPromptBehavior: dismiss and notify, webauthn:extension:credBlob: true, webauthn:extension:largeBlob: true, webauthn:virtualAuthenticators: true}&#10;Session ID: 3fdd7349d6f65a1172fb7ace5922445b&#10;*** Element info: {Using=xpath, value=//*[@id=&quot;businessaccount-radio&quot;]}" type="org.openqa.selenium.NoSuchElementException"><![CDATA[org.openqa.selenium.NoSuchElementException: 
no such element: Unable to locate element: {"method":"xpath","selector":"//*[@id="businessaccount-radio"]"}
  (Session info: chrome=94.0.4606.81)
For documentation on this error, please visit: https://www.seleniumhq.org/exceptions/no_such_element.html
Build info: version: '3.141.59', revision: 'e82be7d358', time: '2018-11-14T08:17:03'
System info: host: 'DESKTOP-L54MKTK', ip: '192.168.1.11', os.name: 'Windows 10', os.arch: 'amd64', os.version: '10.0', java.version: '11.0.9'
Driver info: org.openqa.selenium.chrome.ChromeDriver
Capabilities {acceptInsecureCerts: false, browserName: chrome, browserVersion: 94.0.4606.81, chrome: {chromedriverVersion: 94.0.4606.61 (418b78f5838ed..., userDataDir: C:\Users\HP\AppData\Local\T...}, goog:chromeOptions: {debuggerAddress: localhost:55158}, javascriptEnabled: true, networkConnectionEnabled: false, pageLoadStrategy: normal, platform: WINDOWS, platformName: WINDOWS, proxy: Proxy(), setWindowRect: true, strictFileInteractability: false, timeouts: {implicit: 0, pageLoad: 300000, script: 30000}, unhandledPromptBehavior: dismiss and notify, webauthn:extension:credBlob: true, webauthn:extension:largeBlob: true, webauthn:virtualAuthenticators: true}
Session ID: 3fdd7349d6f65a1172fb7ace5922445b
*** Element info: {Using=xpath, value=//*[@id="businessaccount-radio"]}
]]></failure>
    <system-out><![CDATA[
Scenario: To verify user is able to Register for Business account &amp#27;[90m# src/test/java/Features/Register.feature:15&amp#27;[0m
  &amp#27;[32mGiven &amp#27;[0m&amp#27;[32mUser is in the home page&amp#27;[0m                                  &amp#27;[90m# StepDefinition.Register_StepDef.user_is_in_the_home_page()&amp#27;[0m
  &amp#27;[32mWhen &amp#27;[0m&amp#27;[32mUser clicks on the register&amp#27;[0m                                &amp#27;[90m# StepDefinition.Register_StepDef.user_clicks_on_the_register()&amp#27;[0m
  &amp#27;[31mAnd &amp#27;[0m&amp#27;[31mUser enter the Business account details&amp#27;[0m                     &amp#27;[90m# StepDefinition.Register_StepDef.user_enter_the_business_account_details()&amp#27;[0m
      &amp#27;[31morg.openqa.selenium.NoSuchElementException: no such element: Unable to locate element: {"method":"xpath","selector":"//*[@id="businessaccount-radio"]"}
  (Session info: chrome=94.0.4606.81)
For documentation on this error, please visit: https://www.seleniumhq.org/exceptions/no_such_element.html
Build info: version: '3.141.59', revision: 'e82be7d358', time: '2018-11-14T08:17:03'
System info: host: 'DESKTOP-L54MKTK', ip: '192.168.1.11', os.name: 'Windows 10', os.arch: 'amd64', os.version: '10.0', java.version: '11.0.9'
Driver info: org.openqa.selenium.chrome.ChromeDriver
Capabilities {acceptInsecureCerts: false, browserName: chrome, browserVersion: 94.0.4606.81, chrome: {chromedriverVersion: 94.0.4606.61 (418b78f5838ed..., userDataDir: C:\Users\HP\AppData\Local\T...}, goog:chromeOptions: {debuggerAddress: localhost:55158}, javascriptEnabled: true, networkConnectionEnabled: false, pageLoadStrategy: normal, platform: WINDOWS, platformName: WINDOWS, proxy: Proxy(), setWindowRect: true, strictFileInteractability: false, timeouts: {implicit: 0, pageLoad: 300000, script: 30000}, unhandledPromptBehavior: dismiss and notify, webauthn:extension:credBlob: true, webauthn:extension:largeBlob: true, webauthn:virtualAuthenticators: true}
Session ID: 3fdd7349d6f65a1172fb7ace5922445b
*** Element info: {Using=xpath, value=//*[@id="businessaccount-radio"]}
	at java.base/jdk.internal.reflect.NativeConstructorAccessorImpl.newInstance0(Native Method)
	at java.base/jdk.internal.reflect.NativeConstructorAccessorImpl.newInstance(NativeConstructorAccessorImpl.java:62)
	at java.base/jdk.internal.reflect.DelegatingConstructorAccessorImpl.newInstance(DelegatingConstructorAccessorImpl.java:45)
	at java.base/java.lang.reflect.Constructor.newInstance(Constructor.java:490)
	at org.openqa.selenium.remote.http.W3CHttpResponseCodec.createException(W3CHttpResponseCodec.java:187)
	at org.openqa.selenium.remote.http.W3CHttpResponseCodec.decode(W3CHttpResponseCodec.java:122)
	at org.openqa.selenium.remote.http.W3CHttpResponseCodec.decode(W3CHttpResponseCodec.java:49)
	at org.openqa.selenium.remote.HttpCommandExecutor.execute(HttpCommandExecutor.java:158)
	at org.openqa.selenium.remote.service.DriverCommandExecutor.execute(DriverCommandExecutor.java:83)
	at org.openqa.selenium.remote.RemoteWebDriver.execute(RemoteWebDriver.java:552)
	at org.openqa.selenium.remote.RemoteWebDriver.findElement(RemoteWebDriver.java:323)
	at org.openqa.selenium.remote.RemoteWebDriver.findElementByXPath(RemoteWebDriver.java:428)
	at org.openqa.selenium.By$ByXPath.findElement(By.java:353)
	at org.openqa.selenium.remote.RemoteWebDriver.findElement(RemoteWebDriver.java:315)
	at org.openqa.selenium.support.pagefactory.DefaultElementLocator.findElement(DefaultElementLocator.java:69)
	at org.openqa.selenium.support.pagefactory.internal.LocatingElementHandler.invoke(LocatingElementHandler.java:38)
	at com.sun.proxy.$Proxy18.click(Unknown Source)
	at com.pages.Register.Baccount(Register.java:90)
	at StepDefinition.Register_StepDef.user_enter_the_business_account_details(Register_StepDef.java:50)
	at âœ½.User enter the Business account details(file:///E:/capg%20training/eclipse/Sprint-02/./src/test/java/Features/Register.feature:18)
&amp#27;[0m
  &amp#27;[36mAnd &amp#27;[0m&amp#27;[36mclick on Register button&amp#27;[0m                                    &amp#27;[90m# StepDefinition.Register_StepDef.click_on_register_button()&amp#27;[0m
  &amp#27;[36mThen &amp#27;[0m&amp#27;[36mBusiness account is Registered&amp#27;[0m                             &amp#27;[90m# StepDefinition.Register_StepDef.business_account_is_registered()&amp#27;[0m
]]></system-out>
    <system-err><![CDATA[Starting ChromeDriver 94.0.4606.61 (418b78f5838ed0b1c69bb4e51ea0252171854915-refs/branch-heads/4606@{#1204}) on port 10494
Only local connections are allowed.
Please see https://chromedriver.chromium.org/security-considerations for suggestions on keeping ChromeDriver safe.
ChromeDriver was started successfully.
Oct 13, 2021 10:51:04 AM org.openqa.selenium.remote.ProtocolHandshake createSession
INFO: Detected dialect: W3C
]]></system-err>
  </testcase>
  <testcase name="runScenario[&quot;To verify the user is able to search for an item in the application&quot;, &quot;Optional[Search Functionality]&quot;](8)" classname="TestRunner.MyRunner" time="39.057">
    <system-out><![CDATA[
Scenario: To verify the user is able to search for an item in the application &amp#27;[90m# src/test/java/Features/Searchfunc.feature:2&amp#27;[0m
  &amp#27;[32mGiven &amp#27;[0m&amp#27;[32mUser in home page&amp#27;[0m                                                     &amp#27;[90m# StepDefinition.Searchfunc_StepDef.user_in_home_page()&amp#27;[0m
  &amp#27;[32mWhen &amp#27;[0m&amp#27;[32mUser click on the Search edit box&amp#27;[0m                                      &amp#27;[90m# StepDefinition.Searchfunc_StepDef.user_click_on_the_search_edit_box()&amp#27;[0m
  &amp#27;[32mAnd &amp#27;[0m&amp#27;[32mUser enter the item name in Search edit box&amp#27;[0m                             &amp#27;[90m# StepDefinition.Searchfunc_StepDef.user_enter_the_item_name_in_search_edit_box()&amp#27;[0m
  &amp#27;[32mAnd &amp#27;[0m&amp#27;[32mUser click the Search button&amp#27;[0m                                            &amp#27;[90m# StepDefinition.Searchfunc_StepDef.user_click_the_search_button()&amp#27;[0m
  &amp#27;[32mThen &amp#27;[0m&amp#27;[32mProducts will appear&amp#27;[0m                                                   &amp#27;[90m# StepDefinition.Searchfunc_StepDef.products_will_appear()&amp#27;[0m
]]></system-out>
    <system-err><![CDATA[Starting ChromeDriver 94.0.4606.61 (418b78f5838ed0b1c69bb4e51ea0252171854915-refs/branch-heads/4606@{#1204}) on port 4916
Only local connections are allowed.
Please see https://chromedriver.chromium.org/security-considerations for suggestions on keeping ChromeDriver safe.
ChromeDriver was started successfully.
Oct 13, 2021 10:53:29 AM org.openqa.selenium.remote.ProtocolHandshake createSession
INFO: Detected dialect: W3C
]]></system-err>
  </testcase>
  <testcase name="runScenario[&quot;To verify the user is able to search for an unrelated item in the application&quot;, &quot;Optional[Search Functionality]&quot;](9)" classname="TestRunner.MyRunner" time="233.977">
    <system-out><![CDATA[
Scenario: To verify the user is able to search for an unrelated item in the application &amp#27;[90m# src/test/java/Features/Searchfunc.feature:10&amp#27;[0m
  &amp#27;[32mGiven &amp#27;[0m&amp#27;[32mUser in home page&amp#27;[0m                                                               &amp#27;[90m# StepDefinition.Searchfunc_StepDef.user_in_home_page()&amp#27;[0m
  &amp#27;[32mWhen &amp#27;[0m&amp#27;[32mUser click on the Search edit box&amp#27;[0m                                                &amp#27;[90m# StepDefinition.Searchfunc_StepDef.user_click_on_the_search_edit_box()&amp#27;[0m
  &amp#27;[32mAnd &amp#27;[0m&amp#27;[32mUser enter the unrelated item name in Search edit box&amp#27;[0m                             &amp#27;[90m# StepDefinition.Searchfunc_StepDef.user_enter_the_unrelated_item_name_in_search_edit_box()&amp#27;[0m
  &amp#27;[32mAnd &amp#27;[0m&amp#27;[32mUser click the Search button&amp#27;[0m                                                      &amp#27;[90m# StepDefinition.Searchfunc_StepDef.user_click_the_search_button()&amp#27;[0m
  &amp#27;[32mThen &amp#27;[0m&amp#27;[32mUser got the message like error&amp#27;[0m                                                  &amp#27;[90m# StepDefinition.Searchfunc_StepDef.user_got_the_message_like_error()&amp#27;[0m
]]></system-out>
    <system-err><![CDATA[Starting ChromeDriver 94.0.4606.61 (418b78f5838ed0b1c69bb4e51ea0252171854915-refs/branch-heads/4606@{#1204}) on port 9904
Only local connections are allowed.
Please see https://chromedriver.chromium.org/security-considerations for suggestions on keeping ChromeDriver safe.
ChromeDriver was started successfully.
Oct 13, 2021 10:53:59 AM org.openqa.selenium.remote.ProtocolHandshake createSession
INFO: Detected dialect: W3C
]]></system-err>
  </testcase>
  <testcase name="runScenario[&quot;To verify the user is able to view the daily deals&quot;, &quot;Optional[Search Functionality]&quot;](10)" classname="TestRunner.MyRunner" time="40.112">
    <system-out><![CDATA[
Scenario: To verify the user is able to view the daily deals &amp#27;[90m# src/test/java/Features/Searchfunc.feature:19&amp#27;[0m
  &amp#27;[32mGiven &amp#27;[0m&amp#27;[32mUser in home page&amp#27;[0m                                    &amp#27;[90m# StepDefinition.Searchfunc_StepDef.user_in_home_page()&amp#27;[0m
  &amp#27;[32mWhen &amp#27;[0m&amp#27;[32mUser click on the  link Daily Deals&amp#27;[0m                   &amp#27;[90m# StepDefinition.Searchfunc_StepDef.user_click_on_the_link_daily_deals()&amp#27;[0m
  &amp#27;[32mThen &amp#27;[0m&amp#27;[32mUser reaches the daily deals page&amp#27;[0m                     &amp#27;[90m# StepDefinition.Searchfunc_StepDef.user_reaches_the_daily_deals_page()&amp#27;[0m
]]></system-out>
    <system-err><![CDATA[Starting ChromeDriver 94.0.4606.61 (418b78f5838ed0b1c69bb4e51ea0252171854915-refs/branch-heads/4606@{#1204}) on port 48818
Only local connections are allowed.
Please see https://chromedriver.chromium.org/security-considerations for suggestions on keeping ChromeDriver safe.
ChromeDriver was started successfully.
Oct 13, 2021 10:57:53 AM org.openqa.selenium.remote.ProtocolHandshake createSession
INFO: Detected dialect: W3C
]]></system-err>
  </testcase>
  <testcase name="runScenario[&quot;To verify the user is able to select the different categories&quot;, &quot;Optional[Search Functionality]&quot;](11)" classname="TestRunner.MyRunner" time="32.583">
    <system-out><![CDATA[
Scenario: To verify the user is able to select the different categories &amp#27;[90m# src/test/java/Features/Searchfunc.feature:27&amp#27;[0m
  &amp#27;[32mGiven &amp#27;[0m&amp#27;[32mUser in home page&amp#27;[0m                                               &amp#27;[90m# StepDefinition.Searchfunc_StepDef.user_in_home_page()&amp#27;[0m
  &amp#27;[32mWhen &amp#27;[0m&amp#27;[32mUser click on the link Shop by category&amp#27;[0m                          &amp#27;[90m# StepDefinition.Searchfunc_StepDef.user_click_on_the_link_shop_by_category()&amp#27;[0m
  &amp#27;[32mAnd &amp#27;[0m&amp#27;[32mSelect the different categories&amp#27;[0m                                   &amp#27;[90m# StepDefinition.Searchfunc_StepDef.select_the_different_categories()&amp#27;[0m
  &amp#27;[32mThen &amp#27;[0m&amp#27;[32mDisplay the selected the product&amp#27;[0m                                 &amp#27;[90m# StepDefinition.Searchfunc_StepDef.display_the_selected_the_product()&amp#27;[0m
]]></system-out>
    <system-err><![CDATA[Starting ChromeDriver 94.0.4606.61 (418b78f5838ed0b1c69bb4e51ea0252171854915-refs/branch-heads/4606@{#1204}) on port 43843
Only local connections are allowed.
Please see https://chromedriver.chromium.org/security-considerations for suggestions on keeping ChromeDriver safe.
ChromeDriver was started successfully.
Oct 13, 2021 10:58:30 AM org.openqa.selenium.remote.ProtocolHandshake createSession
INFO: Detected dialect: W3C
]]></system-err>
  </testcase>
  <testcase name="runScenario[&quot;To verify the user is able to filter the products&quot;, &quot;Optional[Search Functionality]&quot;](12)" classname="TestRunner.MyRunner" time="168.269">
    <system-out><![CDATA[
Scenario: To verify the user is able to filter the products &amp#27;[90m# src/test/java/Features/Searchfunc.feature:34&amp#27;[0m
  &amp#27;[32mGiven &amp#27;[0m&amp#27;[32mUser in home page&amp#27;[0m                                   &amp#27;[90m# StepDefinition.Searchfunc_StepDef.user_in_home_page()&amp#27;[0m
  &amp#27;[32mWhen &amp#27;[0m&amp#27;[32mUser is in product page&amp#27;[0m                              &amp#27;[90m# StepDefinition.Searchfunc_StepDef.user_is_in_product_page()&amp#27;[0m
  &amp#27;[32mAnd &amp#27;[0m&amp#27;[32mUser click on the More filters&amp#27;[0m                        &amp#27;[90m# StepDefinition.Searchfunc_StepDef.user_click_on_the_more_filters()&amp#27;[0m
[org.openqa.selenium.remote.RemoteWebElement@f1aad400 -> unknown locator]
  &amp#27;[32mAnd &amp#27;[0m&amp#27;[32mSelect the different Specifications&amp#27;[0m                   &amp#27;[90m# StepDefinition.Searchfunc_StepDef.select_the_different_specifications()&amp#27;[0m
  &amp#27;[32mAnd &amp#27;[0m&amp#27;[32mClick on the Apply&amp#27;[0m                                    &amp#27;[90m# StepDefinition.Searchfunc_StepDef.click_on_the_apply()&amp#27;[0m
  &amp#27;[32mThen &amp#27;[0m&amp#27;[32mDisplayed the Product with given Specificatons&amp#27;[0m       &amp#27;[90m# StepDefinition.Searchfunc_StepDef.displayed_the_product_with_given_specificatons()&amp#27;[0m
]]></system-out>
    <system-err><![CDATA[Starting ChromeDriver 94.0.4606.61 (418b78f5838ed0b1c69bb4e51ea0252171854915-refs/branch-heads/4606@{#1204}) on port 16575
Only local connections are allowed.
Please see https://chromedriver.chromium.org/security-considerations for suggestions on keeping ChromeDriver safe.
ChromeDriver was started successfully.
Oct 13, 2021 10:59:11 AM org.openqa.selenium.remote.ProtocolHandshake createSession
INFO: Detected dialect: W3C
]]></system-err>
  </testcase>
  <testcase name="runScenario[&quot;To verify that user is able to Add items to the cart&quot;, &quot;Optional[Search Functionality]&quot;](13)" classname="TestRunner.MyRunner" time="127.892">
    <system-out><![CDATA[
Scenario: To verify that user is able to Add items to the cart &amp#27;[90m# src/test/java/Features/Searchfunc.feature:52&amp#27;[0m
  &amp#27;[32mGiven &amp#27;[0m&amp#27;[32mUser in home page&amp#27;[0m                                      &amp#27;[90m# StepDefinition.Searchfunc_StepDef.user_in_home_page()&amp#27;[0m
  &amp#27;[32mWhen &amp#27;[0m&amp#27;[32mUser click on the Search edit box&amp#27;[0m                       &amp#27;[90m# StepDefinition.Searchfunc_StepDef.user_click_on_the_search_edit_box()&amp#27;[0m
  &amp#27;[32mAnd &amp#27;[0m&amp#27;[32mEnter the product name in Search edit box&amp#27;[0m                &amp#27;[90m# StepDefinition.Searchfunc_StepDef.enter_the_product_name_in_search_edit_box()&amp#27;[0m
  &amp#27;[32mAnd &amp#27;[0m&amp#27;[32mClick on the Add to cart button&amp#27;[0m                          &amp#27;[90m# StepDefinition.Searchfunc_StepDef.click_on_the_add_to_cart_button()&amp#27;[0m
  &amp#27;[32mThen &amp#27;[0m&amp#27;[32mProduct will  be Add to cart&amp#27;[0m                            &amp#27;[90m# StepDefinition.Searchfunc_StepDef.product_will_be_add_to_cart()&amp#27;[0m
]]></system-out>
    <system-err><![CDATA[Starting ChromeDriver 94.0.4606.61 (418b78f5838ed0b1c69bb4e51ea0252171854915-refs/branch-heads/4606@{#1204}) on port 13760
Only local connections are allowed.
Please see https://chromedriver.chromium.org/security-considerations for suggestions on keeping ChromeDriver safe.
ChromeDriver was started successfully.
Oct 13, 2021 11:01:54 AM org.openqa.selenium.remote.ProtocolHandshake createSession
INFO: Detected dialect: W3C
]]></system-err>
  </testcase>
  <testcase name="runScenario[&quot;To verify the user is able to get OTP on register email and phone number&quot;, &quot;Optional[Sign in functionality]&quot;](14)" classname="TestRunner.MyRunner" time="70.326">
    <system-out><![CDATA[
Scenario: To verify the user is able to get OTP on register email and phone number &amp#27;[90m# src/test/java/Features/SignIn.feature:43&amp#27;[0m
  &amp#27;[32mGiven &amp#27;[0m&amp#27;[32mUser is in home page&amp#27;[0m                                                       &amp#27;[90m# StepDefinition.SignIn_StepDef.user_is_in_home_page()&amp#27;[0m
  &amp#27;[32mWhen &amp#27;[0m&amp#27;[32mUser click on the Sign in&amp#27;[0m                                                   &amp#27;[90m# StepDefinition.SignIn_StepDef.user_click_on_the_sign_in_link()&amp#27;[0m
  &amp#27;[32mAnd &amp#27;[0m&amp#27;[32mUser enters the Email or username&amp#27;[0m                                            &amp#27;[90m# StepDefinition.SignIn_StepDef.user_enters_the_email_or_username()&amp#27;[0m
  &amp#27;[32mAnd &amp#27;[0m&amp#27;[32mUser click on Continue&amp#27;[0m                                                       &amp#27;[90m# StepDefinition.SignIn_StepDef.user_click_on_continue()&amp#27;[0m
  &amp#27;[32mAnd &amp#27;[0m&amp#27;[32mUser clicks on Need help signing in?&amp#27;[0m                                         &amp#27;[90m# StepDefinition.SignIn_StepDef.user_clicks_on_need_help_signing_in()&amp#27;[0m
  &amp#27;[32mAnd &amp#27;[0m&amp#27;[32min Email Click on Receive email&amp#27;[0m                                              &amp#27;[90m# StepDefinition.SignIn_StepDef.in_email_click_on_receive_email()&amp#27;[0m
  &amp#27;[32mAnd &amp#27;[0m&amp#27;[32mEnter OTP received on registered email&amp#27;[0m                                       &amp#27;[90m# StepDefinition.SignIn_StepDef.enter_otp_received_on_registered_email()&amp#27;[0m
  &amp#27;[32mAnd &amp#27;[0m&amp#27;[32mAter entering opt recieved in email and click Continue&amp#27;[0m                       &amp#27;[90m# StepDefinition.SignIn_StepDef.ater_entering_opt_recieved_in_email_and_click_continue()&amp#27;[0m
  &amp#27;[32mThen &amp#27;[0m&amp#27;[32mUser reached the home page&amp#27;[0m                                                  &amp#27;[90m# StepDefinition.SignIn_StepDef.user_reached_the_home_page()&amp#27;[0m
]]></system-out>
    <system-err><![CDATA[Starting ChromeDriver 94.0.4606.61 (418b78f5838ed0b1c69bb4e51ea0252171854915-refs/branch-heads/4606@{#1204}) on port 47224
Only local connections are allowed.
Please see https://chromedriver.chromium.org/security-considerations for suggestions on keeping ChromeDriver safe.
ChromeDriver was started successfully.
Oct 13, 2021 11:04:09 AM org.openqa.selenium.remote.ProtocolHandshake createSession
INFO: Detected dialect: W3C
]]></system-err>
  </testcase>
  <testcase name="runScenario[&quot;To Validate the Title of the Ebay&quot;, &quot;Optional[Ebay Url]&quot;](15)" classname="TestRunner.MyRunner" time="8.075">
    <failure message="unknown error: net::ERR_NAME_NOT_RESOLVED&#10;  (Session info: chrome=94.0.4606.81)&#10;Build info: version: &apos;3.141.59&apos;, revision: &apos;e82be7d358&apos;, time: &apos;2018-11-14T08:17:03&apos;&#10;System info: host: &apos;DESKTOP-L54MKTK&apos;, ip: &apos;192.168.1.11&apos;, os.name: &apos;Windows 10&apos;, os.arch: &apos;amd64&apos;, os.version: &apos;10.0&apos;, java.version: &apos;11.0.9&apos;&#10;Driver info: org.openqa.selenium.chrome.ChromeDriver&#10;Capabilities {acceptInsecureCerts: false, browserName: chrome, browserVersion: 94.0.4606.81, chrome: {chromedriverVersion: 94.0.4606.61 (418b78f5838ed..., userDataDir: C:\Users\HP\AppData\Local\T...}, goog:chromeOptions: {debuggerAddress: localhost:50326}, javascriptEnabled: true, networkConnectionEnabled: false, pageLoadStrategy: normal, platform: WINDOWS, platformName: WINDOWS, proxy: Proxy(), setWindowRect: true, strictFileInteractability: false, timeouts: {implicit: 0, pageLoad: 300000, script: 30000}, unhandledPromptBehavior: dismiss and notify, webauthn:extension:credBlob: true, webauthn:extension:largeBlob: true, webauthn:virtualAuthenticators: true}&#10;Session ID: 3da15d56e74c3b71f02c3b2a2abc4da8" type="org.openqa.selenium.WebDriverException"><![CDATA[org.openqa.selenium.WebDriverException: 
unknown error: net::ERR_NAME_NOT_RESOLVED
  (Session info: chrome=94.0.4606.81)
Build info: version: '3.141.59', revision: 'e82be7d358', time: '2018-11-14T08:17:03'
System info: host: 'DESKTOP-L54MKTK', ip: '192.168.1.11', os.name: 'Windows 10', os.arch: 'amd64', os.version: '10.0', java.version: '11.0.9'
Driver info: org.openqa.selenium.chrome.ChromeDriver
Capabilities {acceptInsecureCerts: false, browserName: chrome, browserVersion: 94.0.4606.81, chrome: {chromedriverVersion: 94.0.4606.61 (418b78f5838ed..., userDataDir: C:\Users\HP\AppData\Local\T...}, goog:chromeOptions: {debuggerAddress: localhost:50326}, javascriptEnabled: true, networkConnectionEnabled: false, pageLoadStrategy: normal, platform: WINDOWS, platformName: WINDOWS, proxy: Proxy(), setWindowRect: true, strictFileInteractability: false, timeouts: {implicit: 0, pageLoad: 300000, script: 30000}, unhandledPromptBehavior: dismiss and notify, webauthn:extension:credBlob: true, webauthn:extension:largeBlob: true, webauthn:virtualAuthenticators: true}
Session ID: 3da15d56e74c3b71f02c3b2a2abc4da8
]]></failure>
    <system-out><![CDATA[
Scenario: To Validate the Title of the Ebay                                                     &amp#27;[90m# src/test/java/Features/Url.feature:2&amp#27;[0m
  &amp#27;[31mGiven &amp#27;[0m&amp#27;[31mUser is in the Login Page&amp#27;[0m                                                               &amp#27;[90m# StepDefinition.Url_StepDef.user_is_in_the_login_page()&amp#27;[0m
      &amp#27;[31morg.openqa.selenium.WebDriverException: unknown error: net::ERR_NAME_NOT_RESOLVED
  (Session info: chrome=94.0.4606.81)
Build info: version: '3.141.59', revision: 'e82be7d358', time: '2018-11-14T08:17:03'
System info: host: 'DESKTOP-L54MKTK', ip: '192.168.1.11', os.name: 'Windows 10', os.arch: 'amd64', os.version: '10.0', java.version: '11.0.9'
Driver info: org.openqa.selenium.chrome.ChromeDriver
Capabilities {acceptInsecureCerts: false, browserName: chrome, browserVersion: 94.0.4606.81, chrome: {chromedriverVersion: 94.0.4606.61 (418b78f5838ed..., userDataDir: C:\Users\HP\AppData\Local\T...}, goog:chromeOptions: {debuggerAddress: localhost:50326}, javascriptEnabled: true, networkConnectionEnabled: false, pageLoadStrategy: normal, platform: WINDOWS, platformName: WINDOWS, proxy: Proxy(), setWindowRect: true, strictFileInteractability: false, timeouts: {implicit: 0, pageLoad: 300000, script: 30000}, unhandledPromptBehavior: dismiss and notify, webauthn:extension:credBlob: true, webauthn:extension:largeBlob: true, webauthn:virtualAuthenticators: true}
Session ID: 3da15d56e74c3b71f02c3b2a2abc4da8
	at java.base/jdk.internal.reflect.NativeConstructorAccessorImpl.newInstance0(Native Method)
	at java.base/jdk.internal.reflect.NativeConstructorAccessorImpl.newInstance(NativeConstructorAccessorImpl.java:62)
	at java.base/jdk.internal.reflect.DelegatingConstructorAccessorImpl.newInstance(DelegatingConstructorAccessorImpl.java:45)
	at java.base/java.lang.reflect.Constructor.newInstance(Constructor.java:490)
	at org.openqa.selenium.remote.http.W3CHttpResponseCodec.createException(W3CHttpResponseCodec.java:187)
	at org.openqa.selenium.remote.http.W3CHttpResponseCodec.decode(W3CHttpResponseCodec.java:122)
	at org.openqa.selenium.remote.http.W3CHttpResponseCodec.decode(W3CHttpResponseCodec.java:49)
	at org.openqa.selenium.remote.HttpCommandExecutor.execute(HttpCommandExecutor.java:158)
	at org.openqa.selenium.remote.service.DriverCommandExecutor.execute(DriverCommandExecutor.java:83)
	at org.openqa.selenium.remote.RemoteWebDriver.execute(RemoteWebDriver.java:552)
	at org.openqa.selenium.remote.RemoteWebDriver.get(RemoteWebDriver.java:277)
	at com.base.Base.Initialization(Base.java:56)
	at com.pages.Url.Browserurl(Url.java:13)
	at StepDefinition.Url_StepDef.user_is_in_the_login_page(Url_StepDef.java:19)
	at âœ½.User is in the Login Page(file:///E:/capg%20training/eclipse/Sprint-02/./src/test/java/Features/Url.feature:3)
&amp#27;[0m
  &amp#27;[36mThen &amp#27;[0m&amp#27;[36mThe title of the page should be &amp#27;[0m&amp#27;[36m&amp#27;[1m"Electronics, Cars, Fashion, Collectibles & More | eBay"&amp#27;[0m &amp#27;[90m# StepDefinition.Url_StepDef.the_title_of_the_page_should_be(java.lang.String)&amp#27;[0m
]]></system-out>
    <system-err><![CDATA[Starting ChromeDriver 94.0.4606.61 (418b78f5838ed0b1c69bb4e51ea0252171854915-refs/branch-heads/4606@{#1204}) on port 39655
Only local connections are allowed.
Please see https://chromedriver.chromium.org/security-considerations for suggestions on keeping ChromeDriver safe.
ChromeDriver was started successfully.
Oct 13, 2021 11:05:10 AM org.openqa.selenium.remote.ProtocolHandshake createSession
INFO: Detected dialect: W3C
]]></system-err>
  </testcase>
</testsuite>