<?xml version="1.0" encoding="UTF-8"?>
<testng-results ignored="0" total="1" passed="1" failed="0" skipped="0">
  <reporter-output>
  </reporter-output>
  <suite started-at="2021-10-10T19:19:51 IST" name="Suite" finished-at="2021-10-10T19:20:20 IST" duration-ms="29744">
    <groups>
      <group name="cucumber">
        <method signature="AbstractTestNGCucumberTests.runScenario(io.cucumber.testng.PickleWrapper,io.cucumber.testng.FeatureWrapper)[pri:0, instance:TestRunner.MyRunner@74751b3]" name="runScenario" class="io.cucumber.testng.AbstractTestNGCucumberTests"/>
      </group> <!-- cucumber -->
    </groups>
    <test started-at="2021-10-10T19:19:51 IST" name="Test" finished-at="2021-10-10T19:20:20 IST" duration-ms="29744">
      <class name="TestRunner.MyRunner">
        <test-method is-config="true" signature="setUpClass()[pri:0, instance:TestRunner.MyRunner@74751b3]" started-at="2021-10-10T19:19:51 IST" name="setUpClass" finished-at="2021-10-10T19:19:53 IST" duration-ms="1703" status="PASS">
          <reporter-output>
          </reporter-output>
        </test-method> <!-- setUpClass -->
        <test-method signature="runScenario(io.cucumber.testng.PickleWrapper,io.cucumber.testng.FeatureWrapper)[pri:0, instance:TestRunner.MyRunner@74751b3]" started-at="2021-10-10T19:19:53 IST" name="runScenario" description="Runs Cucumber Scenarios" data-provider="scenarios" finished-at="2021-10-10T19:20:19 IST" duration-ms="26237" status="PASS">
          <params>
            <param index="0">
              <value>
                <![CDATA["To Validate the Title of the Ebay"]]>
              </value>
            </param>
            <param index="1">
              <value>
                <![CDATA["Optional[Ebay Url]"]]>
              </value>
            </param>
          </params>
          <reporter-output>
          </reporter-output>
        </test-method> <!-- runScenario -->
        <test-method is-config="true" signature="tearDownClass()[pri:0, instance:TestRunner.MyRunner@74751b3]" started-at="2021-10-10T19:20:19 IST" name="tearDownClass" finished-at="2021-10-10T19:20:20 IST" duration-ms="1571" status="PASS">
          <reporter-output>
          </reporter-output>
        </test-method> <!-- tearDownClass -->
      </class> <!-- TestRunner.MyRunner -->
    </test> <!-- Test -->
  </suite> <!-- Suite -->
</testng-results>
